13-Jul-2025 14:00:04.345 INFO [main] org.apache.catalina.startup.VersionLoggerListener.log Server version name:   Apache Tomcat/11.0.9
13-Jul-2025 14:00:04.349 INFO [main] org.apache.catalina.startup.VersionLoggerListener.log Server built:          Jul 1 2025 20:39:04 UTC
13-Jul-2025 14:00:04.349 INFO [main] org.apache.catalina.startup.VersionLoggerListener.log Server version number: 11.0.9.0
13-Jul-2025 14:00:04.350 INFO [main] org.apache.catalina.startup.VersionLoggerListener.log OS Name:               Windows 11
13-Jul-2025 14:00:04.350 INFO [main] org.apache.catalina.startup.VersionLoggerListener.log OS Version:            10.0
13-Jul-2025 14:00:04.350 INFO [main] org.apache.catalina.startup.VersionLoggerListener.log Architecture:          amd64
13-Jul-2025 14:00:04.350 INFO [main] org.apache.catalina.startup.VersionLoggerListener.log Java Home:             C:\Program Files\Java\jdk-21
13-Jul-2025 14:00:04.350 INFO [main] org.apache.catalina.startup.VersionLoggerListener.log JVM Version:           21.0.7+8-LTS-245
13-Jul-2025 14:00:04.350 INFO [main] org.apache.catalina.startup.VersionLoggerListener.log JVM Vendor:            Oracle Corporation
13-Jul-2025 14:00:04.350 INFO [main] org.apache.catalina.startup.VersionLoggerListener.log CATALINA_BASE:         D:\CODE\StudentManagementPortal\apache-tomcat-11.0.9
13-Jul-2025 14:00:04.350 INFO [main] org.apache.catalina.startup.VersionLoggerListener.log CATALINA_HOME:         D:\CODE\StudentManagementPortal\apache-tomcat-11.0.9
13-Jul-2025 14:00:04.357 INFO [main] org.apache.catalina.startup.VersionLoggerListener.log Command line argument: -Djava.util.logging.config.file=D:\CODE\StudentManagementPortal\apache-tomcat-11.0.9\conf\logging.properties
13-Jul-2025 14:00:04.357 INFO [main] org.apache.catalina.startup.VersionLoggerListener.log Command line argument: -Djava.util.logging.manager=org.apache.juli.ClassLoaderLogManager
13-Jul-2025 14:00:04.357 INFO [main] org.apache.catalina.startup.VersionLoggerListener.log Command line argument: -Djdk.tls.ephemeralDHKeySize=2048
13-Jul-2025 14:00:04.357 INFO [main] org.apache.catalina.startup.VersionLoggerListener.log Command line argument: --add-opens=java.base/java.lang=ALL-UNNAMED
13-Jul-2025 14:00:04.357 INFO [main] org.apache.catalina.startup.VersionLoggerListener.log Command line argument: --add-opens=java.base/java.lang.reflect=ALL-UNNAMED
13-Jul-2025 14:00:04.357 INFO [main] org.apache.catalina.startup.VersionLoggerListener.log Command line argument: --add-opens=java.base/java.io=ALL-UNNAMED
13-Jul-2025 14:00:04.357 INFO [main] org.apache.catalina.startup.VersionLoggerListener.log Command line argument: --add-opens=java.base/java.util=ALL-UNNAMED
13-Jul-2025 14:00:04.357 INFO [main] org.apache.catalina.startup.VersionLoggerListener.log Command line argument: --add-opens=java.base/java.util.concurrent=ALL-UNNAMED
13-Jul-2025 14:00:04.358 INFO [main] org.apache.catalina.startup.VersionLoggerListener.log Command line argument: --add-opens=java.rmi/sun.rmi.transport=ALL-UNNAMED
13-Jul-2025 14:00:04.358 INFO [main] org.apache.catalina.startup.VersionLoggerListener.log Command line argument: --enable-native-access=ALL-UNNAMED
13-Jul-2025 14:00:04.358 INFO [main] org.apache.catalina.startup.VersionLoggerListener.log Command line argument: -Dcatalina.base=D:\CODE\StudentManagementPortal\apache-tomcat-11.0.9
13-Jul-2025 14:00:04.358 INFO [main] org.apache.catalina.startup.VersionLoggerListener.log Command line argument: -Dcatalina.home=D:\CODE\StudentManagementPortal\apache-tomcat-11.0.9
13-Jul-2025 14:00:04.358 INFO [main] org.apache.catalina.startup.VersionLoggerListener.log Command line argument: -Djava.io.tmpdir=D:\CODE\StudentManagementPortal\apache-tomcat-11.0.9\temp
13-Jul-2025 14:00:04.360 INFO [main] org.apache.catalina.core.AprLifecycleListener.lifecycleEvent Loaded Apache Tomcat Native library [2.0.9] using APR version [1.7.6].
13-Jul-2025 14:00:04.365 INFO [main] org.apache.catalina.core.AprLifecycleListener.initializeSSL OpenSSL successfully initialized [OpenSSL 3.5.0 8 Apr 2025]
13-Jul-2025 14:00:04.564 INFO [main] org.apache.coyote.AbstractProtocol.init Initializing ProtocolHandler ["http-nio-8080"]
13-Jul-2025 14:00:04.580 INFO [main] org.apache.catalina.startup.Catalina.load Server initialization in [351] milliseconds
13-Jul-2025 14:00:04.615 INFO [main] org.apache.catalina.core.StandardService.startInternal Starting service [Catalina]
13-Jul-2025 14:00:04.615 INFO [main] org.apache.catalina.core.StandardEngine.startInternal Starting Servlet engine: [Apache Tomcat/11.0.9]
13-Jul-2025 14:00:04.625 INFO [main] org.apache.catalina.startup.HostConfig.deployDirectory Deploying web application directory [D:\CODE\StudentManagementPortal\apache-tomcat-11.0.9\webapps\docs]
13-Jul-2025 14:00:04.859 INFO [main] org.apache.catalina.startup.HostConfig.deployDirectory Deployment of web application directory [D:\CODE\StudentManagementPortal\apache-tomcat-11.0.9\webapps\docs] has finished in [235] ms
13-Jul-2025 14:00:04.859 INFO [main] org.apache.catalina.startup.HostConfig.deployDirectory Deploying web application directory [D:\CODE\StudentManagementPortal\apache-tomcat-11.0.9\webapps\examples]
13-Jul-2025 14:00:05.212 INFO [main] org.apache.catalina.startup.HostConfig.deployDirectory Deployment of web application directory [D:\CODE\StudentManagementPortal\apache-tomcat-11.0.9\webapps\examples] has finished in [353] ms
13-Jul-2025 14:00:05.212 INFO [main] org.apache.catalina.startup.HostConfig.deployDirectory Deploying web application directory [D:\CODE\StudentManagementPortal\apache-tomcat-11.0.9\webapps\host-manager]
13-Jul-2025 14:00:05.246 INFO [main] org.apache.catalina.startup.HostConfig.deployDirectory Deployment of web application directory [D:\CODE\StudentManagementPortal\apache-tomcat-11.0.9\webapps\host-manager] has finished in [34] ms
13-Jul-2025 14:00:05.246 INFO [main] org.apache.catalina.startup.HostConfig.deployDirectory Deploying web application directory [D:\CODE\StudentManagementPortal\apache-tomcat-11.0.9\webapps\manager]
13-Jul-2025 14:00:05.279 INFO [main] org.apache.catalina.startup.HostConfig.deployDirectory Deployment of web application directory [D:\CODE\StudentManagementPortal\apache-tomcat-11.0.9\webapps\manager] has finished in [33] ms
13-Jul-2025 14:00:05.279 INFO [main] org.apache.catalina.startup.HostConfig.deployDirectory Deploying web application directory [D:\CODE\StudentManagementPortal\apache-tomcat-11.0.9\webapps\ROOT]
13-Jul-2025 14:00:05.301 INFO [main] org.apache.catalina.startup.HostConfig.deployDirectory Deployment of web application directory [D:\CODE\StudentManagementPortal\apache-tomcat-11.0.9\webapps\ROOT] has finished in [22] ms
13-Jul-2025 14:00:05.304 INFO [main] org.apache.coyote.AbstractProtocol.start Starting ProtocolHandler ["http-nio-8080"]
13-Jul-2025 14:00:05.320 INFO [main] org.apache.catalina.startup.Catalina.start Server startup in [739] milliseconds
13-Jul-2025 14:00:09.572 WARNING [http-nio-8080-exec-2] org.apache.catalina.realm.LockOutRealm.filterLockedAccounts An attempt was made to authenticate the locked user [admin ]
13-Jul-2025 14:00:09.743 WARNING [http-nio-8080-exec-4] org.apache.catalina.realm.LockOutRealm.filterLockedAccounts An attempt was made to authenticate the locked user [admin ]
13-Jul-2025 14:00:09.897 WARNING [http-nio-8080-exec-6] org.apache.catalina.realm.LockOutRealm.filterLockedAccounts An attempt was made to authenticate the locked user [admin ]
13-Jul-2025 14:00:10.074 WARNING [http-nio-8080-exec-8] org.apache.catalina.realm.LockOutRealm.filterLockedAccounts An attempt was made to authenticate the locked user [admin ]
13-Jul-2025 14:00:10.243 WARNING [http-nio-8080-exec-10] org.apache.catalina.realm.LockOutRealm.filterLockedAccounts An attempt was made to authenticate the locked user [admin ]
13-Jul-2025 14:00:10.394 WARNING [http-nio-8080-exec-2] org.apache.catalina.realm.LockOutRealm.filterLockedAccounts An attempt was made to authenticate the locked user [admin ]
13-Jul-2025 14:00:10.539 WARNING [http-nio-8080-exec-4] org.apache.catalina.realm.LockOutRealm.filterLockedAccounts An attempt was made to authenticate the locked user [admin ]
13-Jul-2025 14:00:10.709 WARNING [http-nio-8080-exec-6] org.apache.catalina.realm.LockOutRealm.filterLockedAccounts An attempt was made to authenticate the locked user [admin ]
13-Jul-2025 14:00:10.875 WARNING [http-nio-8080-exec-8] org.apache.catalina.realm.LockOutRealm.filterLockedAccounts An attempt was made to authenticate the locked user [admin ]
13-Jul-2025 14:00:11.025 WARNING [http-nio-8080-exec-10] org.apache.catalina.realm.LockOutRealm.filterLockedAccounts An attempt was made to authenticate the locked user [admin ]
13-Jul-2025 14:00:11.177 WARNING [http-nio-8080-exec-2] org.apache.catalina.realm.LockOutRealm.filterLockedAccounts An attempt was made to authenticate the locked user [admin ]
13-Jul-2025 14:00:20.778 INFO [http-nio-8080-exec-10] org.apache.catalina.startup.HostConfig.deployDescriptor Deploying deployment descriptor [D:\CODE\StudentManagementPortal\apache-tomcat-11.0.9\conf\Catalina\localhost\StudentManagementWebApp.xml]
13-Jul-2025 14:00:20.780 WARNING [http-nio-8080-exec-10] org.apache.catalina.startup.HostConfig.deployDescriptor The path attribute with value [/StudentManagementWebApp] in deployment descriptor [D:\CODE\StudentManagementPortal\apache-tomcat-11.0.9\conf\Catalina\localhost\StudentManagementWebApp.xml] has been ignored
13-Jul-2025 14:00:21.192 INFO [http-nio-8080-exec-10] org.apache.jasper.servlet.TldScanner.scanJars At least one JAR was scanned for TLDs yet contained no TLDs. Enable debug logging for this logger for a complete list of JARs that were scanned but no TLDs were found in them. Skipping unneeded JARs during scanning can improve startup time and JSP compilation time.
13-Jul-2025 14:00:21.195 INFO [http-nio-8080-exec-10] org.apache.catalina.startup.HostConfig.deployDescriptor Deployment of deployment descriptor [D:\CODE\StudentManagementPortal\apache-tomcat-11.0.9\conf\Catalina\localhost\StudentManagementWebApp.xml] has finished in [417] ms
13-Jul-2025 14:00:21.199 INFO [http-nio-8080-exec-1] org.apache.catalina.util.LifecycleBase.start The start() method was called on component [StandardEngine[Catalina].StandardHost[localhost].StandardContext[/StudentManagementWebApp]] after start() had already been called. The second call will be ignored.
13-Jul-2025 14:00:38.148 INFO [http-nio-8080-exec-3] org.apache.catalina.startup.HostConfig.deployDescriptor Deploying deployment descriptor [D:\CODE\StudentManagementPortal\apache-tomcat-11.0.9\conf\Catalina\localhost\StudentManagementWebAppPortal.xml]
13-Jul-2025 14:00:38.149 WARNING [http-nio-8080-exec-3] org.apache.catalina.startup.HostConfig.deployDescriptor The path attribute with value [/StudentManagementWebAppPortal] in deployment descriptor [D:\CODE\StudentManagementPortal\apache-tomcat-11.0.9\conf\Catalina\localhost\StudentManagementWebAppPortal.xml] has been ignored
13-Jul-2025 14:00:38.179 INFO [http-nio-8080-exec-3] org.apache.catalina.startup.HostConfig.deployDescriptor Deployment of deployment descriptor [D:\CODE\StudentManagementPortal\apache-tomcat-11.0.9\conf\Catalina\localhost\StudentManagementWebAppPortal.xml] has finished in [31] ms
13-Jul-2025 14:00:38.181 INFO [http-nio-8080-exec-4] org.apache.catalina.util.LifecycleBase.start The start() method was called on component [StandardEngine[Catalina].StandardHost[localhost].StandardContext[/StudentManagementWebAppPortal]] after start() had already been called. The second call will be ignored.
13-Jul-2025 14:38:02.465 INFO [main] org.apache.catalina.core.StandardServer.await A valid shutdown command was received via the shutdown port. Stopping the Server instance.
13-Jul-2025 14:38:02.465 INFO [main] org.apache.coyote.AbstractProtocol.pause Pausing ProtocolHandler ["http-nio-8080"]
13-Jul-2025 14:38:02.469 INFO [main] org.apache.catalina.core.StandardService.stopInternal Stopping service [Catalina]
13-Jul-2025 14:38:02.487 INFO [main] org.apache.coyote.AbstractProtocol.stop Stopping ProtocolHandler ["http-nio-8080"]
13-Jul-2025 14:38:02.496 INFO [main] org.apache.coyote.AbstractProtocol.destroy Destroying ProtocolHandler ["http-nio-8080"]
13-Jul-2025 14:50:32.145 INFO [main] org.apache.catalina.startup.VersionLoggerListener.log Server version name:   Apache Tomcat/11.0.9
13-Jul-2025 14:50:32.148 INFO [main] org.apache.catalina.startup.VersionLoggerListener.log Server built:          Jul 1 2025 20:39:04 UTC
13-Jul-2025 14:50:32.148 INFO [main] org.apache.catalina.startup.VersionLoggerListener.log Server version number: 11.0.9.0
13-Jul-2025 14:50:32.148 INFO [main] org.apache.catalina.startup.VersionLoggerListener.log OS Name:               Windows 11
13-Jul-2025 14:50:32.148 INFO [main] org.apache.catalina.startup.VersionLoggerListener.log OS Version:            10.0
13-Jul-2025 14:50:32.149 INFO [main] org.apache.catalina.startup.VersionLoggerListener.log Architecture:          amd64
13-Jul-2025 14:50:32.149 INFO [main] org.apache.catalina.startup.VersionLoggerListener.log Java Home:             C:\Program Files\Java\jdk-21
13-Jul-2025 14:50:32.149 INFO [main] org.apache.catalina.startup.VersionLoggerListener.log JVM Version:           21.0.7+8-LTS-245
13-Jul-2025 14:50:32.149 INFO [main] org.apache.catalina.startup.VersionLoggerListener.log JVM Vendor:            Oracle Corporation
13-Jul-2025 14:50:32.149 INFO [main] org.apache.catalina.startup.VersionLoggerListener.log CATALINA_BASE:         D:\CODE\StudentManagementPortal\apache-tomcat-11.0.9
13-Jul-2025 14:50:32.149 INFO [main] org.apache.catalina.startup.VersionLoggerListener.log CATALINA_HOME:         D:\CODE\StudentManagementPortal\apache-tomcat-11.0.9
13-Jul-2025 14:50:32.157 INFO [main] org.apache.catalina.startup.VersionLoggerListener.log Command line argument: -Djava.util.logging.config.file=D:\CODE\StudentManagementPortal\apache-tomcat-11.0.9\conf\logging.properties
13-Jul-2025 14:50:32.157 INFO [main] org.apache.catalina.startup.VersionLoggerListener.log Command line argument: -Djava.util.logging.manager=org.apache.juli.ClassLoaderLogManager
13-Jul-2025 14:50:32.157 INFO [main] org.apache.catalina.startup.VersionLoggerListener.log Command line argument: -Djdk.tls.ephemeralDHKeySize=2048
13-Jul-2025 14:50:32.157 INFO [main] org.apache.catalina.startup.VersionLoggerListener.log Command line argument: --add-opens=java.base/java.lang=ALL-UNNAMED
13-Jul-2025 14:50:32.157 INFO [main] org.apache.catalina.startup.VersionLoggerListener.log Command line argument: --add-opens=java.base/java.lang.reflect=ALL-UNNAMED
13-Jul-2025 14:50:32.157 INFO [main] org.apache.catalina.startup.VersionLoggerListener.log Command line argument: --add-opens=java.base/java.io=ALL-UNNAMED
13-Jul-2025 14:50:32.157 INFO [main] org.apache.catalina.startup.VersionLoggerListener.log Command line argument: --add-opens=java.base/java.util=ALL-UNNAMED
13-Jul-2025 14:50:32.157 INFO [main] org.apache.catalina.startup.VersionLoggerListener.log Command line argument: --add-opens=java.base/java.util.concurrent=ALL-UNNAMED
13-Jul-2025 14:50:32.157 INFO [main] org.apache.catalina.startup.VersionLoggerListener.log Command line argument: --add-opens=java.rmi/sun.rmi.transport=ALL-UNNAMED
13-Jul-2025 14:50:32.157 INFO [main] org.apache.catalina.startup.VersionLoggerListener.log Command line argument: --enable-native-access=ALL-UNNAMED
13-Jul-2025 14:50:32.157 INFO [main] org.apache.catalina.startup.VersionLoggerListener.log Command line argument: -Dcatalina.base=D:\CODE\StudentManagementPortal\apache-tomcat-11.0.9
13-Jul-2025 14:50:32.157 INFO [main] org.apache.catalina.startup.VersionLoggerListener.log Command line argument: -Dcatalina.home=D:\CODE\StudentManagementPortal\apache-tomcat-11.0.9
13-Jul-2025 14:50:32.157 INFO [main] org.apache.catalina.startup.VersionLoggerListener.log Command line argument: -Djava.io.tmpdir=D:\CODE\StudentManagementPortal\apache-tomcat-11.0.9\temp
13-Jul-2025 14:50:32.160 INFO [main] org.apache.catalina.core.AprLifecycleListener.lifecycleEvent Loaded Apache Tomcat Native library [2.0.9] using APR version [1.7.6].
13-Jul-2025 14:50:32.163 INFO [main] org.apache.catalina.core.AprLifecycleListener.initializeSSL OpenSSL successfully initialized [OpenSSL 3.5.0 8 Apr 2025]
13-Jul-2025 14:50:32.369 INFO [main] org.apache.coyote.AbstractProtocol.init Initializing ProtocolHandler ["http-nio-8080"]
13-Jul-2025 14:50:32.386 INFO [main] org.apache.catalina.startup.Catalina.load Server initialization in [358] milliseconds
13-Jul-2025 14:50:32.420 INFO [main] org.apache.catalina.core.StandardService.startInternal Starting service [Catalina]
13-Jul-2025 14:50:32.421 INFO [main] org.apache.catalina.core.StandardEngine.startInternal Starting Servlet engine: [Apache Tomcat/11.0.9]
13-Jul-2025 14:50:32.430 INFO [main] org.apache.catalina.startup.HostConfig.deployDescriptor Deploying deployment descriptor [D:\CODE\StudentManagementPortal\apache-tomcat-11.0.9\conf\Catalina\localhost\StudentManagementWebApp.xml]
13-Jul-2025 14:50:32.442 WARNING [main] org.apache.catalina.startup.HostConfig.deployDescriptor The path attribute with value [/StudentManagementWebApp] in deployment descriptor [D:\CODE\StudentManagementPortal\apache-tomcat-11.0.9\conf\Catalina\localhost\StudentManagementWebApp.xml] has been ignored
13-Jul-2025 14:50:33.074 INFO [main] org.apache.jasper.servlet.TldScanner.scanJars At least one JAR was scanned for TLDs yet contained no TLDs. Enable debug logging for this logger for a complete list of JARs that were scanned but no TLDs were found in them. Skipping unneeded JARs during scanning can improve startup time and JSP compilation time.
13-Jul-2025 14:50:33.111 INFO [main] org.apache.catalina.startup.HostConfig.deployDescriptor Deployment of deployment descriptor [D:\CODE\StudentManagementPortal\apache-tomcat-11.0.9\conf\Catalina\localhost\StudentManagementWebApp.xml] has finished in [681] ms
13-Jul-2025 14:50:33.111 INFO [main] org.apache.catalina.startup.HostConfig.deployDescriptor Deploying deployment descriptor [D:\CODE\StudentManagementPortal\apache-tomcat-11.0.9\conf\Catalina\localhost\StudentManagementWebAppPortal.xml]
13-Jul-2025 14:50:33.113 WARNING [main] org.apache.catalina.startup.HostConfig.deployDescriptor The path attribute with value [/StudentManagementWebAppPortal] in deployment descriptor [D:\CODE\StudentManagementPortal\apache-tomcat-11.0.9\conf\Catalina\localhost\StudentManagementWebAppPortal.xml] has been ignored
13-Jul-2025 14:50:33.137 INFO [main] org.apache.catalina.startup.HostConfig.deployDescriptor Deployment of deployment descriptor [D:\CODE\StudentManagementPortal\apache-tomcat-11.0.9\conf\Catalina\localhost\StudentManagementWebAppPortal.xml] has finished in [26] ms
13-Jul-2025 14:50:33.138 INFO [main] org.apache.catalina.startup.HostConfig.deployDirectory Deploying web application directory [D:\CODE\StudentManagementPortal\apache-tomcat-11.0.9\webapps\docs]
13-Jul-2025 14:50:33.162 INFO [main] org.apache.catalina.startup.HostConfig.deployDirectory Deployment of web application directory [D:\CODE\StudentManagementPortal\apache-tomcat-11.0.9\webapps\docs] has finished in [24] ms
13-Jul-2025 14:50:33.162 INFO [main] org.apache.catalina.startup.HostConfig.deployDirectory Deploying web application directory [D:\CODE\StudentManagementPortal\apache-tomcat-11.0.9\webapps\examples]
13-Jul-2025 14:50:33.483 INFO [main] org.apache.catalina.startup.HostConfig.deployDirectory Deployment of web application directory [D:\CODE\StudentManagementPortal\apache-tomcat-11.0.9\webapps\examples] has finished in [321] ms
13-Jul-2025 14:50:33.483 INFO [main] org.apache.catalina.startup.HostConfig.deployDirectory Deploying web application directory [D:\CODE\StudentManagementPortal\apache-tomcat-11.0.9\webapps\host-manager]
13-Jul-2025 14:50:33.539 INFO [main] org.apache.catalina.startup.HostConfig.deployDirectory Deployment of web application directory [D:\CODE\StudentManagementPortal\apache-tomcat-11.0.9\webapps\host-manager] has finished in [55] ms
13-Jul-2025 14:50:33.539 INFO [main] org.apache.catalina.startup.HostConfig.deployDirectory Deploying web application directory [D:\CODE\StudentManagementPortal\apache-tomcat-11.0.9\webapps\manager]
13-Jul-2025 14:50:33.575 INFO [main] org.apache.catalina.startup.HostConfig.deployDirectory Deployment of web application directory [D:\CODE\StudentManagementPortal\apache-tomcat-11.0.9\webapps\manager] has finished in [36] ms
13-Jul-2025 14:50:33.576 INFO [main] org.apache.catalina.startup.HostConfig.deployDirectory Deploying web application directory [D:\CODE\StudentManagementPortal\apache-tomcat-11.0.9\webapps\ROOT]
13-Jul-2025 14:50:33.598 INFO [main] org.apache.catalina.startup.HostConfig.deployDirectory Deployment of web application directory [D:\CODE\StudentManagementPortal\apache-tomcat-11.0.9\webapps\ROOT] has finished in [23] ms
13-Jul-2025 14:50:33.600 INFO [main] org.apache.coyote.AbstractProtocol.start Starting ProtocolHandler ["http-nio-8080"]
13-Jul-2025 14:50:33.621 INFO [main] org.apache.catalina.startup.Catalina.start Server startup in [1233] milliseconds
13-Jul-2025 14:59:34.239 SEVERE [http-nio-8080-exec-6] org.apache.tomcat.util.digester.Digester.fatalError Parse fatal error at line [6] column [2]
	org.xml.sax.SAXParseException; systemId: file:/D:/CODE/StudentManagementPortal/Documents/NetBeansProjects/StudentManagementWebApp/build/web/WEB-INF/web.xml; lineNumber: 6; columnNumber: 2; The markup in the document following the root element must be well-formed.
		at java.xml/com.sun.org.apache.xerces.internal.util.ErrorHandlerWrapper.createSAXParseException(ErrorHandlerWrapper.java:204)
		at java.xml/com.sun.org.apache.xerces.internal.util.ErrorHandlerWrapper.fatalError(ErrorHandlerWrapper.java:178)
		at java.xml/com.sun.org.apache.xerces.internal.impl.XMLErrorReporter.reportError(XMLErrorReporter.java:400)
		at java.xml/com.sun.org.apache.xerces.internal.impl.XMLErrorReporter.reportError(XMLErrorReporter.java:327)
		at java.xml/com.sun.org.apache.xerces.internal.impl.XMLScanner.reportFatalError(XMLScanner.java:1465)
		at java.xml/com.sun.org.apache.xerces.internal.impl.XMLDocumentScannerImpl$TrailingMiscDriver.next(XMLDocumentScannerImpl.java:1398)
		at java.xml/com.sun.org.apache.xerces.internal.impl.XMLDocumentScannerImpl.next(XMLDocumentScannerImpl.java:605)
		at java.xml/com.sun.org.apache.xerces.internal.impl.XMLDocumentFragmentScannerImpl.scanDocument(XMLDocumentFragmentScannerImpl.java:542)
		at java.xml/com.sun.org.apache.xerces.internal.parsers.XML11Configuration.parse(XML11Configuration.java:889)
		at java.xml/com.sun.org.apache.xerces.internal.parsers.XML11Configuration.parse(XML11Configuration.java:825)
		at java.xml/com.sun.org.apache.xerces.internal.parsers.XMLParser.parse(XMLParser.java:141)
		at java.xml/com.sun.org.apache.xerces.internal.parsers.AbstractSAXParser.parse(AbstractSAXParser.java:1224)
		at java.xml/com.sun.org.apache.xerces.internal.jaxp.SAXParserImpl$JAXPSAXParser.parse(SAXParserImpl.java:637)
		at org.apache.tomcat.util.digester.Digester.parse(Digester.java:1506)
		at org.apache.tomcat.util.descriptor.web.WebXmlParser.parseWebXml(WebXmlParser.java:114)
		at org.apache.catalina.startup.ContextConfig.webConfig(ContextConfig.java:1244)
		at org.apache.catalina.startup.ContextConfig.configureStart(ContextConfig.java:969)
		at org.apache.catalina.startup.ContextConfig.lifecycleEvent(ContextConfig.java:290)
		at org.apache.catalina.util.LifecycleBase.fireLifecycleEvent(LifecycleBase.java:109)
		at org.apache.catalina.core.StandardContext.startInternal(StandardContext.java:4346)
		at org.apache.catalina.util.LifecycleBase.start(LifecycleBase.java:164)
		at org.apache.catalina.manager.ManagerServlet.start(ManagerServlet.java:1289)
		at org.apache.catalina.manager.ManagerServlet.doGet(ManagerServlet.java:331)
		at jakarta.servlet.http.HttpServlet.service(HttpServlet.java:622)
		at jakarta.servlet.http.HttpServlet.service(HttpServlet.java:710)
		at org.apache.catalina.core.ApplicationFilterChain.doFilter(ApplicationFilterChain.java:130)
		at org.apache.tomcat.websocket.server.WsFilter.doFilter(WsFilter.java:53)
		at org.apache.catalina.core.ApplicationFilterChain.doFilter(ApplicationFilterChain.java:109)
		at org.apache.catalina.filters.HttpHeaderSecurityFilter.doFilter(HttpHeaderSecurityFilter.java:114)
		at org.apache.catalina.core.ApplicationFilterChain.doFilter(ApplicationFilterChain.java:109)
		at org.apache.catalina.core.StandardWrapperValve.invoke(StandardWrapperValve.java:167)
		at org.apache.catalina.core.StandardContextValve.invoke(StandardContextValve.java:79)
		at org.apache.catalina.authenticator.AuthenticatorBase.invoke(AuthenticatorBase.java:598)
		at org.apache.catalina.valves.RequestFilterValve.process(RequestFilterValve.java:354)
		at org.apache.catalina.valves.RemoteAddrValve.invoke(RemoteAddrValve.java:54)
		at org.apache.catalina.core.StandardHostValve.invoke(StandardHostValve.java:116)
		at org.apache.catalina.valves.ErrorReportValve.invoke(ErrorReportValve.java:93)
		at org.apache.catalina.valves.AbstractAccessLogValve.invoke(AbstractAccessLogValve.java:666)
		at org.apache.catalina.core.StandardEngineValve.invoke(StandardEngineValve.java:74)
		at org.apache.catalina.connector.CoyoteAdapter.service(CoyoteAdapter.java:343)
		at org.apache.coyote.http11.Http11Processor.service(Http11Processor.java:396)
		at org.apache.coyote.AbstractProcessorLight.process(AbstractProcessorLight.java:63)
		at org.apache.coyote.AbstractProtocol$ConnectionHandler.process(AbstractProtocol.java:903)
		at org.apache.tomcat.util.net.NioEndpoint$SocketProcessor.doRun(NioEndpoint.java:1773)
		at org.apache.tomcat.util.net.SocketProcessorBase.run(SocketProcessorBase.java:52)
		at org.apache.tomcat.util.threads.ThreadPoolExecutor.runWorker(ThreadPoolExecutor.java:1149)
		at org.apache.tomcat.util.threads.ThreadPoolExecutor$Worker.run(ThreadPoolExecutor.java:637)
		at org.apache.tomcat.util.threads.TaskThread$WrappingRunnable.run(TaskThread.java:59)
		at java.base/java.lang.Thread.run(Thread.java:1583)
13-Jul-2025 14:59:34.449 SEVERE [http-nio-8080-exec-6] org.apache.tomcat.util.descriptor.web.WebXmlParser.parseWebXml Parse error in application web.xml file at [file:/D:/CODE/StudentManagementPortal/Documents/NetBeansProjects/StudentManagementWebApp/build/web/WEB-INF/web.xml]
	org.xml.sax.SAXParseException; systemId: file:/D:/CODE/StudentManagementPortal/Documents/NetBeansProjects/StudentManagementWebApp/build/web/WEB-INF/web.xml; lineNumber: 6; columnNumber: 2; The markup in the document following the root element must be well-formed.
		at java.xml/com.sun.org.apache.xerces.internal.util.ErrorHandlerWrapper.createSAXParseException(ErrorHandlerWrapper.java:204)
		at java.xml/com.sun.org.apache.xerces.internal.util.ErrorHandlerWrapper.fatalError(ErrorHandlerWrapper.java:178)
		at java.xml/com.sun.org.apache.xerces.internal.impl.XMLErrorReporter.reportError(XMLErrorReporter.java:400)
		at java.xml/com.sun.org.apache.xerces.internal.impl.XMLErrorReporter.reportError(XMLErrorReporter.java:327)
		at java.xml/com.sun.org.apache.xerces.internal.impl.XMLScanner.reportFatalError(XMLScanner.java:1465)
		at java.xml/com.sun.org.apache.xerces.internal.impl.XMLDocumentScannerImpl$TrailingMiscDriver.next(XMLDocumentScannerImpl.java:1398)
		at java.xml/com.sun.org.apache.xerces.internal.impl.XMLDocumentScannerImpl.next(XMLDocumentScannerImpl.java:605)
		at java.xml/com.sun.org.apache.xerces.internal.impl.XMLDocumentFragmentScannerImpl.scanDocument(XMLDocumentFragmentScannerImpl.java:542)
		at java.xml/com.sun.org.apache.xerces.internal.parsers.XML11Configuration.parse(XML11Configuration.java:889)
		at java.xml/com.sun.org.apache.xerces.internal.parsers.XML11Configuration.parse(XML11Configuration.java:825)
		at java.xml/com.sun.org.apache.xerces.internal.parsers.XMLParser.parse(XMLParser.java:141)
		at java.xml/com.sun.org.apache.xerces.internal.parsers.AbstractSAXParser.parse(AbstractSAXParser.java:1224)
		at java.xml/com.sun.org.apache.xerces.internal.jaxp.SAXParserImpl$JAXPSAXParser.parse(SAXParserImpl.java:637)
		at org.apache.tomcat.util.digester.Digester.parse(Digester.java:1506)
		at org.apache.tomcat.util.descriptor.web.WebXmlParser.parseWebXml(WebXmlParser.java:114)
		at org.apache.catalina.startup.ContextConfig.webConfig(ContextConfig.java:1244)
		at org.apache.catalina.startup.ContextConfig.configureStart(ContextConfig.java:969)
		at org.apache.catalina.startup.ContextConfig.lifecycleEvent(ContextConfig.java:290)
		at org.apache.catalina.util.LifecycleBase.fireLifecycleEvent(LifecycleBase.java:109)
		at org.apache.catalina.core.StandardContext.startInternal(StandardContext.java:4346)
		at org.apache.catalina.util.LifecycleBase.start(LifecycleBase.java:164)
		at org.apache.catalina.manager.ManagerServlet.start(ManagerServlet.java:1289)
		at org.apache.catalina.manager.ManagerServlet.doGet(ManagerServlet.java:331)
		at jakarta.servlet.http.HttpServlet.service(HttpServlet.java:622)
		at jakarta.servlet.http.HttpServlet.service(HttpServlet.java:710)
		at org.apache.catalina.core.ApplicationFilterChain.doFilter(ApplicationFilterChain.java:130)
		at org.apache.tomcat.websocket.server.WsFilter.doFilter(WsFilter.java:53)
		at org.apache.catalina.core.ApplicationFilterChain.doFilter(ApplicationFilterChain.java:109)
		at org.apache.catalina.filters.HttpHeaderSecurityFilter.doFilter(HttpHeaderSecurityFilter.java:114)
		at org.apache.catalina.core.ApplicationFilterChain.doFilter(ApplicationFilterChain.java:109)
		at org.apache.catalina.core.StandardWrapperValve.invoke(StandardWrapperValve.java:167)
		at org.apache.catalina.core.StandardContextValve.invoke(StandardContextValve.java:79)
		at org.apache.catalina.authenticator.AuthenticatorBase.invoke(AuthenticatorBase.java:598)
		at org.apache.catalina.valves.RequestFilterValve.process(RequestFilterValve.java:354)
		at org.apache.catalina.valves.RemoteAddrValve.invoke(RemoteAddrValve.java:54)
		at org.apache.catalina.core.StandardHostValve.invoke(StandardHostValve.java:116)
		at org.apache.catalina.valves.ErrorReportValve.invoke(ErrorReportValve.java:93)
		at org.apache.catalina.valves.AbstractAccessLogValve.invoke(AbstractAccessLogValve.java:666)
		at org.apache.catalina.core.StandardEngineValve.invoke(StandardEngineValve.java:74)
		at org.apache.catalina.connector.CoyoteAdapter.service(CoyoteAdapter.java:343)
		at org.apache.coyote.http11.Http11Processor.service(Http11Processor.java:396)
		at org.apache.coyote.AbstractProcessorLight.process(AbstractProcessorLight.java:63)
		at org.apache.coyote.AbstractProtocol$ConnectionHandler.process(AbstractProtocol.java:903)
		at org.apache.tomcat.util.net.NioEndpoint$SocketProcessor.doRun(NioEndpoint.java:1773)
		at org.apache.tomcat.util.net.SocketProcessorBase.run(SocketProcessorBase.java:52)
		at org.apache.tomcat.util.threads.ThreadPoolExecutor.runWorker(ThreadPoolExecutor.java:1149)
		at org.apache.tomcat.util.threads.ThreadPoolExecutor$Worker.run(ThreadPoolExecutor.java:637)
		at org.apache.tomcat.util.threads.TaskThread$WrappingRunnable.run(TaskThread.java:59)
		at java.base/java.lang.Thread.run(Thread.java:1583)
13-Jul-2025 14:59:34.523 SEVERE [http-nio-8080-exec-6] org.apache.tomcat.util.descriptor.web.WebXmlParser.parseWebXml Occurred at line [6] column [2]
13-Jul-2025 14:59:34.528 SEVERE [http-nio-8080-exec-6] org.apache.catalina.startup.ContextConfig.configureStart Marking this application unavailable due to previous error(s)
13-Jul-2025 14:59:34.529 SEVERE [http-nio-8080-exec-6] org.apache.catalina.core.StandardContext.startInternal One or more components marked the context as not correctly configured
13-Jul-2025 14:59:34.529 SEVERE [http-nio-8080-exec-6] org.apache.catalina.core.StandardContext.startInternal Context [/StudentManagementWebApp] startup failed due to previous errors
13-Jul-2025 14:59:34.530 WARNING [http-nio-8080-exec-6] org.apache.catalina.loader.WebappClassLoaderBase.clearReferencesThreads The web application [StudentManagementWebApp] appears to have started a thread named [Catalina-utility-1] but has failed to stop it. This is very likely to create a memory leak. Stack trace of thread:
 org.apache.catalina.core.StandardContext.backgroundProcess(StandardContext.java:4786)
 org.apache.catalina.core.ContainerBase$ContainerBackgroundProcessor.processChildren(ContainerBase.java:1139)
 org.apache.catalina.core.ContainerBase$ContainerBackgroundProcessor.processChildren(ContainerBase.java:1143)
 org.apache.catalina.core.ContainerBase$ContainerBackgroundProcessor.processChildren(ContainerBase.java:1143)
 org.apache.catalina.core.ContainerBase$ContainerBackgroundProcessor.run(ContainerBase.java:1121)
 java.base/java.util.concurrent.Executors$RunnableAdapter.call(Executors.java:572)
 java.base/java.util.concurrent.FutureTask.runAndReset(FutureTask.java:358)
 java.base/java.util.concurrent.ScheduledThreadPoolExecutor$ScheduledFutureTask.run(ScheduledThreadPoolExecutor.java:305)
 java.base/java.util.concurrent.ThreadPoolExecutor.runWorker(ThreadPoolExecutor.java:1144)
 java.base/java.util.concurrent.ThreadPoolExecutor$Worker.run(ThreadPoolExecutor.java:642)
 org.apache.tomcat.util.threads.TaskThread$WrappingRunnable.run(TaskThread.java:59)
 java.base/java.lang.Thread.run(Thread.java:1583)
13-Jul-2025 14:59:44.549 INFO [Catalina-utility-2] org.apache.catalina.startup.HostConfig.reload Reloading context [/StudentManagementWebApp]
13-Jul-2025 14:59:44.563 SEVERE [Catalina-utility-2] org.apache.tomcat.util.digester.Digester.fatalError Parse fatal error at line [6] column [2]
	org.xml.sax.SAXParseException; systemId: file:/D:/CODE/StudentManagementPortal/Documents/NetBeansProjects/StudentManagementWebApp/build/web/WEB-INF/web.xml; lineNumber: 6; columnNumber: 2; The markup in the document following the root element must be well-formed.
		at java.xml/com.sun.org.apache.xerces.internal.util.ErrorHandlerWrapper.createSAXParseException(ErrorHandlerWrapper.java:204)
		at java.xml/com.sun.org.apache.xerces.internal.util.ErrorHandlerWrapper.fatalError(ErrorHandlerWrapper.java:178)
		at java.xml/com.sun.org.apache.xerces.internal.impl.XMLErrorReporter.reportError(XMLErrorReporter.java:400)
		at java.xml/com.sun.org.apache.xerces.internal.impl.XMLErrorReporter.reportError(XMLErrorReporter.java:327)
		at java.xml/com.sun.org.apache.xerces.internal.impl.XMLScanner.reportFatalError(XMLScanner.java:1465)
		at java.xml/com.sun.org.apache.xerces.internal.impl.XMLDocumentScannerImpl$TrailingMiscDriver.next(XMLDocumentScannerImpl.java:1398)
		at java.xml/com.sun.org.apache.xerces.internal.impl.XMLDocumentScannerImpl.next(XMLDocumentScannerImpl.java:605)
		at java.xml/com.sun.org.apache.xerces.internal.impl.XMLDocumentFragmentScannerImpl.scanDocument(XMLDocumentFragmentScannerImpl.java:542)
		at java.xml/com.sun.org.apache.xerces.internal.parsers.XML11Configuration.parse(XML11Configuration.java:889)
		at java.xml/com.sun.org.apache.xerces.internal.parsers.XML11Configuration.parse(XML11Configuration.java:825)
		at java.xml/com.sun.org.apache.xerces.internal.parsers.XMLParser.parse(XMLParser.java:141)
		at java.xml/com.sun.org.apache.xerces.internal.parsers.AbstractSAXParser.parse(AbstractSAXParser.java:1224)
		at java.xml/com.sun.org.apache.xerces.internal.jaxp.SAXParserImpl$JAXPSAXParser.parse(SAXParserImpl.java:637)
		at org.apache.tomcat.util.digester.Digester.parse(Digester.java:1506)
		at org.apache.tomcat.util.descriptor.web.WebXmlParser.parseWebXml(WebXmlParser.java:114)
		at org.apache.catalina.startup.ContextConfig.webConfig(ContextConfig.java:1244)
		at org.apache.catalina.startup.ContextConfig.configureStart(ContextConfig.java:969)
		at org.apache.catalina.startup.ContextConfig.lifecycleEvent(ContextConfig.java:290)
		at org.apache.catalina.util.LifecycleBase.fireLifecycleEvent(LifecycleBase.java:109)
		at org.apache.catalina.core.StandardContext.startInternal(StandardContext.java:4346)
		at org.apache.catalina.util.LifecycleBase.start(LifecycleBase.java:164)
		at org.apache.catalina.startup.HostConfig.reload(HostConfig.java:1426)
		at org.apache.catalina.startup.HostConfig.checkResources(HostConfig.java:1392)
		at org.apache.catalina.startup.HostConfig.check(HostConfig.java:1618)
		at org.apache.catalina.startup.HostConfig.lifecycleEvent(HostConfig.java:263)
		at org.apache.catalina.util.LifecycleBase.fireLifecycleEvent(LifecycleBase.java:109)
		at org.apache.catalina.core.ContainerBase.backgroundProcess(ContainerBase.java:940)
		at org.apache.catalina.core.ContainerBase$ContainerBackgroundProcessor.processChildren(ContainerBase.java:1139)
		at org.apache.catalina.core.ContainerBase$ContainerBackgroundProcessor.processChildren(ContainerBase.java:1143)
		at org.apache.catalina.core.ContainerBase$ContainerBackgroundProcessor.run(ContainerBase.java:1121)
		at java.base/java.util.concurrent.Executors$RunnableAdapter.call(Executors.java:572)
		at java.base/java.util.concurrent.FutureTask.runAndReset(FutureTask.java:358)
		at java.base/java.util.concurrent.ScheduledThreadPoolExecutor$ScheduledFutureTask.run(ScheduledThreadPoolExecutor.java:305)
		at java.base/java.util.concurrent.ThreadPoolExecutor.runWorker(ThreadPoolExecutor.java:1144)
		at java.base/java.util.concurrent.ThreadPoolExecutor$Worker.run(ThreadPoolExecutor.java:642)
		at org.apache.tomcat.util.threads.TaskThread$WrappingRunnable.run(TaskThread.java:59)
		at java.base/java.lang.Thread.run(Thread.java:1583)
13-Jul-2025 14:59:44.563 SEVERE [Catalina-utility-2] org.apache.tomcat.util.descriptor.web.WebXmlParser.parseWebXml Parse error in application web.xml file at [file:/D:/CODE/StudentManagementPortal/Documents/NetBeansProjects/StudentManagementWebApp/build/web/WEB-INF/web.xml]
	org.xml.sax.SAXParseException; systemId: file:/D:/CODE/StudentManagementPortal/Documents/NetBeansProjects/StudentManagementWebApp/build/web/WEB-INF/web.xml; lineNumber: 6; columnNumber: 2; The markup in the document following the root element must be well-formed.
		at java.xml/com.sun.org.apache.xerces.internal.util.ErrorHandlerWrapper.createSAXParseException(ErrorHandlerWrapper.java:204)
		at java.xml/com.sun.org.apache.xerces.internal.util.ErrorHandlerWrapper.fatalError(ErrorHandlerWrapper.java:178)
		at java.xml/com.sun.org.apache.xerces.internal.impl.XMLErrorReporter.reportError(XMLErrorReporter.java:400)
		at java.xml/com.sun.org.apache.xerces.internal.impl.XMLErrorReporter.reportError(XMLErrorReporter.java:327)
		at java.xml/com.sun.org.apache.xerces.internal.impl.XMLScanner.reportFatalError(XMLScanner.java:1465)
		at java.xml/com.sun.org.apache.xerces.internal.impl.XMLDocumentScannerImpl$TrailingMiscDriver.next(XMLDocumentScannerImpl.java:1398)
		at java.xml/com.sun.org.apache.xerces.internal.impl.XMLDocumentScannerImpl.next(XMLDocumentScannerImpl.java:605)
		at java.xml/com.sun.org.apache.xerces.internal.impl.XMLDocumentFragmentScannerImpl.scanDocument(XMLDocumentFragmentScannerImpl.java:542)
		at java.xml/com.sun.org.apache.xerces.internal.parsers.XML11Configuration.parse(XML11Configuration.java:889)
		at java.xml/com.sun.org.apache.xerces.internal.parsers.XML11Configuration.parse(XML11Configuration.java:825)
		at java.xml/com.sun.org.apache.xerces.internal.parsers.XMLParser.parse(XMLParser.java:141)
		at java.xml/com.sun.org.apache.xerces.internal.parsers.AbstractSAXParser.parse(AbstractSAXParser.java:1224)
		at java.xml/com.sun.org.apache.xerces.internal.jaxp.SAXParserImpl$JAXPSAXParser.parse(SAXParserImpl.java:637)
		at org.apache.tomcat.util.digester.Digester.parse(Digester.java:1506)
		at org.apache.tomcat.util.descriptor.web.WebXmlParser.parseWebXml(WebXmlParser.java:114)
		at org.apache.catalina.startup.ContextConfig.webConfig(ContextConfig.java:1244)
		at org.apache.catalina.startup.ContextConfig.configureStart(ContextConfig.java:969)
		at org.apache.catalina.startup.ContextConfig.lifecycleEvent(ContextConfig.java:290)
		at org.apache.catalina.util.LifecycleBase.fireLifecycleEvent(LifecycleBase.java:109)
		at org.apache.catalina.core.StandardContext.startInternal(StandardContext.java:4346)
		at org.apache.catalina.util.LifecycleBase.start(LifecycleBase.java:164)
		at org.apache.catalina.startup.HostConfig.reload(HostConfig.java:1426)
		at org.apache.catalina.startup.HostConfig.checkResources(HostConfig.java:1392)
		at org.apache.catalina.startup.HostConfig.check(HostConfig.java:1618)
		at org.apache.catalina.startup.HostConfig.lifecycleEvent(HostConfig.java:263)
		at org.apache.catalina.util.LifecycleBase.fireLifecycleEvent(LifecycleBase.java:109)
		at org.apache.catalina.core.ContainerBase.backgroundProcess(ContainerBase.java:940)
		at org.apache.catalina.core.ContainerBase$ContainerBackgroundProcessor.processChildren(ContainerBase.java:1139)
		at org.apache.catalina.core.ContainerBase$ContainerBackgroundProcessor.processChildren(ContainerBase.java:1143)
		at org.apache.catalina.core.ContainerBase$ContainerBackgroundProcessor.run(ContainerBase.java:1121)
		at java.base/java.util.concurrent.Executors$RunnableAdapter.call(Executors.java:572)
		at java.base/java.util.concurrent.FutureTask.runAndReset(FutureTask.java:358)
		at java.base/java.util.concurrent.ScheduledThreadPoolExecutor$ScheduledFutureTask.run(ScheduledThreadPoolExecutor.java:305)
		at java.base/java.util.concurrent.ThreadPoolExecutor.runWorker(ThreadPoolExecutor.java:1144)
		at java.base/java.util.concurrent.ThreadPoolExecutor$Worker.run(ThreadPoolExecutor.java:642)
		at org.apache.tomcat.util.threads.TaskThread$WrappingRunnable.run(TaskThread.java:59)
		at java.base/java.lang.Thread.run(Thread.java:1583)
13-Jul-2025 14:59:44.615 SEVERE [Catalina-utility-2] org.apache.tomcat.util.descriptor.web.WebXmlParser.parseWebXml Occurred at line [6] column [2]
13-Jul-2025 14:59:44.621 SEVERE [Catalina-utility-2] org.apache.catalina.startup.ContextConfig.configureStart Marking this application unavailable due to previous error(s)
13-Jul-2025 14:59:44.621 SEVERE [Catalina-utility-2] org.apache.catalina.core.StandardContext.startInternal One or more components marked the context as not correctly configured
13-Jul-2025 14:59:44.621 SEVERE [Catalina-utility-2] org.apache.catalina.core.StandardContext.startInternal Context [/StudentManagementWebApp] startup failed due to previous errors
13-Jul-2025 15:00:15.286 INFO [http-nio-8080-exec-4] org.apache.catalina.startup.HostConfig.undeploy Undeploying context [/StudentManagementWebAppPortal]
13-Jul-2025 15:00:17.991 INFO [http-nio-8080-exec-11] org.apache.catalina.startup.HostConfig.deployDescriptor Deploying deployment descriptor [D:\CODE\StudentManagementPortal\apache-tomcat-11.0.9\conf\Catalina\localhost\StudentManagementWebAppPortal.xml]
13-Jul-2025 15:00:17.992 WARNING [http-nio-8080-exec-11] org.apache.catalina.startup.HostConfig.deployDescriptor The path attribute with value [/StudentManagementWebAppPortal] in deployment descriptor [D:\CODE\StudentManagementPortal\apache-tomcat-11.0.9\conf\Catalina\localhost\StudentManagementWebAppPortal.xml] has been ignored
13-Jul-2025 15:00:18.022 INFO [http-nio-8080-exec-11] org.apache.catalina.startup.HostConfig.deployDescriptor Deployment of deployment descriptor [D:\CODE\StudentManagementPortal\apache-tomcat-11.0.9\conf\Catalina\localhost\StudentManagementWebAppPortal.xml] has finished in [31] ms
13-Jul-2025 15:00:18.023 INFO [http-nio-8080-exec-6] org.apache.catalina.util.LifecycleBase.start The start() method was called on component [StandardEngine[Catalina].StandardHost[localhost].StandardContext[/StudentManagementWebAppPortal]] after start() had already been called. The second call will be ignored.
13-Jul-2025 15:06:13.507 INFO [http-nio-8080-exec-19] org.apache.catalina.core.StandardContext.reload Reloading Context with name [/StudentManagementWebAppPortal] has started
13-Jul-2025 15:06:13.868 INFO [http-nio-8080-exec-19] org.apache.jasper.servlet.TldScanner.scanJars At least one JAR was scanned for TLDs yet contained no TLDs. Enable debug logging for this logger for a complete list of JARs that were scanned but no TLDs were found in them. Skipping unneeded JARs during scanning can improve startup time and JSP compilation time.
13-Jul-2025 15:06:13.871 INFO [http-nio-8080-exec-19] org.apache.catalina.core.StandardContext.reload Reloading Context with name [/StudentManagementWebAppPortal] is completed
13-Jul-2025 15:08:19.462 INFO [http-nio-8080-exec-28] org.apache.catalina.core.StandardContext.reload Reloading Context with name [/StudentManagementWebAppPortal] has started
13-Jul-2025 15:08:19.758 INFO [http-nio-8080-exec-28] org.apache.jasper.servlet.TldScanner.scanJars At least one JAR was scanned for TLDs yet contained no TLDs. Enable debug logging for this logger for a complete list of JARs that were scanned but no TLDs were found in them. Skipping unneeded JARs during scanning can improve startup time and JSP compilation time.
13-Jul-2025 15:08:19.759 INFO [http-nio-8080-exec-28] org.apache.catalina.core.StandardContext.reload Reloading Context with name [/StudentManagementWebAppPortal] is completed
13-Jul-2025 15:08:58.833 INFO [http-nio-8080-exec-31] org.apache.catalina.startup.HostConfig.undeploy Undeploying context [/StudentManagementWebAppPortal]
13-Jul-2025 15:09:24.128 INFO [http-nio-8080-exec-26] org.apache.catalina.startup.HostConfig.deployDescriptor Deploying deployment descriptor [D:\CODE\StudentManagementPortal\apache-tomcat-11.0.9\conf\Catalina\localhost\StudentManagementWebAppPortal.xml]
13-Jul-2025 15:09:24.128 WARNING [http-nio-8080-exec-26] org.apache.catalina.startup.HostConfig.deployDescriptor The path attribute with value [/StudentManagementWebAppPortal] in deployment descriptor [D:\CODE\StudentManagementPortal\apache-tomcat-11.0.9\conf\Catalina\localhost\StudentManagementWebAppPortal.xml] has been ignored
13-Jul-2025 15:09:24.449 INFO [http-nio-8080-exec-26] org.apache.jasper.servlet.TldScanner.scanJars At least one JAR was scanned for TLDs yet contained no TLDs. Enable debug logging for this logger for a complete list of JARs that were scanned but no TLDs were found in them. Skipping unneeded JARs during scanning can improve startup time and JSP compilation time.
13-Jul-2025 15:09:24.451 INFO [http-nio-8080-exec-26] org.apache.catalina.startup.HostConfig.deployDescriptor Deployment of deployment descriptor [D:\CODE\StudentManagementPortal\apache-tomcat-11.0.9\conf\Catalina\localhost\StudentManagementWebAppPortal.xml] has finished in [324] ms
13-Jul-2025 15:09:24.454 INFO [http-nio-8080-exec-34] org.apache.catalina.util.LifecycleBase.start The start() method was called on component [StandardEngine[Catalina].StandardHost[localhost].StandardContext[/StudentManagementWebAppPortal]] after start() had already been called. The second call will be ignored.
13-Jul-2025 15:09:58.381 INFO [http-nio-8080-exec-41] org.apache.catalina.startup.HostConfig.undeploy Undeploying context [/StudentManagementWebAppPortal]
13-Jul-2025 15:10:01.395 INFO [http-nio-8080-exec-34] org.apache.catalina.startup.HostConfig.deployDescriptor Deploying deployment descriptor [D:\CODE\StudentManagementPortal\apache-tomcat-11.0.9\conf\Catalina\localhost\StudentManagementWebAppPortal.xml]
13-Jul-2025 15:10:01.395 WARNING [http-nio-8080-exec-34] org.apache.catalina.startup.HostConfig.deployDescriptor The path attribute with value [/StudentManagementWebAppPortal] in deployment descriptor [D:\CODE\StudentManagementPortal\apache-tomcat-11.0.9\conf\Catalina\localhost\StudentManagementWebAppPortal.xml] has been ignored
13-Jul-2025 15:10:01.683 INFO [http-nio-8080-exec-34] org.apache.jasper.servlet.TldScanner.scanJars At least one JAR was scanned for TLDs yet contained no TLDs. Enable debug logging for this logger for a complete list of JARs that were scanned but no TLDs were found in them. Skipping unneeded JARs during scanning can improve startup time and JSP compilation time.
13-Jul-2025 15:10:01.686 INFO [http-nio-8080-exec-34] org.apache.catalina.startup.HostConfig.deployDescriptor Deployment of deployment descriptor [D:\CODE\StudentManagementPortal\apache-tomcat-11.0.9\conf\Catalina\localhost\StudentManagementWebAppPortal.xml] has finished in [292] ms
13-Jul-2025 15:10:01.689 INFO [http-nio-8080-exec-41] org.apache.catalina.util.LifecycleBase.start The start() method was called on component [StandardEngine[Catalina].StandardHost[localhost].StandardContext[/StudentManagementWebAppPortal]] after start() had already been called. The second call will be ignored.
13-Jul-2025 15:14:37.713 INFO [http-nio-8080-exec-44] org.apache.catalina.startup.HostConfig.undeploy Undeploying context [/StudentManagementWebAppPortal]
13-Jul-2025 15:14:47.326 INFO [http-nio-8080-exec-49] org.apache.catalina.startup.HostConfig.deployDescriptor Deploying deployment descriptor [D:\CODE\StudentManagementPortal\apache-tomcat-11.0.9\conf\Catalina\localhost\StudentManagementWebAppPortal.xml]
13-Jul-2025 15:14:47.326 WARNING [http-nio-8080-exec-49] org.apache.catalina.startup.HostConfig.deployDescriptor The path attribute with value [/StudentManagementWebAppPortal] in deployment descriptor [D:\CODE\StudentManagementPortal\apache-tomcat-11.0.9\conf\Catalina\localhost\StudentManagementWebAppPortal.xml] has been ignored
13-Jul-2025 15:14:47.612 INFO [http-nio-8080-exec-49] org.apache.jasper.servlet.TldScanner.scanJars At least one JAR was scanned for TLDs yet contained no TLDs. Enable debug logging for this logger for a complete list of JARs that were scanned but no TLDs were found in them. Skipping unneeded JARs during scanning can improve startup time and JSP compilation time.
13-Jul-2025 15:14:47.613 INFO [http-nio-8080-exec-49] org.apache.catalina.startup.HostConfig.deployDescriptor Deployment of deployment descriptor [D:\CODE\StudentManagementPortal\apache-tomcat-11.0.9\conf\Catalina\localhost\StudentManagementWebAppPortal.xml] has finished in [287] ms
13-Jul-2025 15:14:47.616 INFO [http-nio-8080-exec-48] org.apache.catalina.util.LifecycleBase.start The start() method was called on component [StandardEngine[Catalina].StandardHost[localhost].StandardContext[/StudentManagementWebAppPortal]] after start() had already been called. The second call will be ignored.
13-Jul-2025 15:17:32.963 INFO [http-nio-8080-exec-58] org.apache.catalina.util.LifecycleBase.stop The stop() method was called on component [StandardEngine[Catalina].StandardHost[localhost].StandardContext[/StudentManagementWebApp]] after stop() had already been called. The second call will be ignored.
13-Jul-2025 15:17:33.466 INFO [http-nio-8080-exec-58] org.apache.catalina.startup.HostConfig.undeploy Undeploying context [/StudentManagementWebApp]
13-Jul-2025 15:17:33.482 INFO [http-nio-8080-exec-48] org.apache.catalina.startup.HostConfig.deployDescriptor Deploying deployment descriptor [D:\CODE\StudentManagementPortal\apache-tomcat-11.0.9\conf\Catalina\localhost\StudentManagementWebApp.xml]
13-Jul-2025 15:17:33.482 WARNING [http-nio-8080-exec-48] org.apache.catalina.startup.HostConfig.deployDescriptor The path attribute with value [/StudentManagementWebApp] in deployment descriptor [D:\CODE\StudentManagementPortal\apache-tomcat-11.0.9\conf\Catalina\localhost\StudentManagementWebApp.xml] has been ignored
13-Jul-2025 15:17:33.862 INFO [http-nio-8080-exec-48] org.apache.jasper.servlet.TldScanner.scanJars At least one JAR was scanned for TLDs yet contained no TLDs. Enable debug logging for this logger for a complete list of JARs that were scanned but no TLDs were found in them. Skipping unneeded JARs during scanning can improve startup time and JSP compilation time.
13-Jul-2025 15:17:33.864 INFO [http-nio-8080-exec-48] org.apache.catalina.startup.HostConfig.deployDescriptor Deployment of deployment descriptor [D:\CODE\StudentManagementPortal\apache-tomcat-11.0.9\conf\Catalina\localhost\StudentManagementWebApp.xml] has finished in [382] ms
13-Jul-2025 15:17:33.866 INFO [http-nio-8080-exec-49] org.apache.catalina.util.LifecycleBase.start The start() method was called on component [StandardEngine[Catalina].StandardHost[localhost].StandardContext[/StudentManagementWebApp]] after start() had already been called. The second call will be ignored.
13-Jul-2025 15:17:56.354 INFO [http-nio-8080-exec-55] org.apache.catalina.startup.HostConfig.undeploy Undeploying context [/StudentManagementWebAppPortal]
13-Jul-2025 15:17:57.927 INFO [http-nio-8080-exec-59] org.apache.catalina.startup.HostConfig.deployDescriptor Deploying deployment descriptor [D:\CODE\StudentManagementPortal\apache-tomcat-11.0.9\conf\Catalina\localhost\StudentManagementWebAppPortal.xml]
13-Jul-2025 15:17:57.927 WARNING [http-nio-8080-exec-59] org.apache.catalina.startup.HostConfig.deployDescriptor The path attribute with value [/StudentManagementWebAppPortal] in deployment descriptor [D:\CODE\StudentManagementPortal\apache-tomcat-11.0.9\conf\Catalina\localhost\StudentManagementWebAppPortal.xml] has been ignored
13-Jul-2025 15:17:58.216 INFO [http-nio-8080-exec-59] org.apache.jasper.servlet.TldScanner.scanJars At least one JAR was scanned for TLDs yet contained no TLDs. Enable debug logging for this logger for a complete list of JARs that were scanned but no TLDs were found in them. Skipping unneeded JARs during scanning can improve startup time and JSP compilation time.
13-Jul-2025 15:17:58.219 INFO [http-nio-8080-exec-59] org.apache.catalina.startup.HostConfig.deployDescriptor Deployment of deployment descriptor [D:\CODE\StudentManagementPortal\apache-tomcat-11.0.9\conf\Catalina\localhost\StudentManagementWebAppPortal.xml] has finished in [292] ms
13-Jul-2025 15:17:58.221 INFO [http-nio-8080-exec-57] org.apache.catalina.util.LifecycleBase.start The start() method was called on component [StandardEngine[Catalina].StandardHost[localhost].StandardContext[/StudentManagementWebAppPortal]] after start() had already been called. The second call will be ignored.
13-Jul-2025 15:22:09.156 INFO [http-nio-8080-exec-55] org.apache.catalina.startup.HostConfig.undeploy Undeploying context [/StudentManagementWebAppPortal]
13-Jul-2025 15:22:10.749 INFO [http-nio-8080-exec-68] org.apache.catalina.startup.HostConfig.deployDescriptor Deploying deployment descriptor [D:\CODE\StudentManagementPortal\apache-tomcat-11.0.9\conf\Catalina\localhost\StudentManagementWebAppPortal.xml]
13-Jul-2025 15:22:10.750 WARNING [http-nio-8080-exec-68] org.apache.catalina.startup.HostConfig.deployDescriptor The path attribute with value [/StudentManagementWebAppPortal] in deployment descriptor [D:\CODE\StudentManagementPortal\apache-tomcat-11.0.9\conf\Catalina\localhost\StudentManagementWebAppPortal.xml] has been ignored
13-Jul-2025 15:22:11.040 INFO [http-nio-8080-exec-68] org.apache.jasper.servlet.TldScanner.scanJars At least one JAR was scanned for TLDs yet contained no TLDs. Enable debug logging for this logger for a complete list of JARs that were scanned but no TLDs were found in them. Skipping unneeded JARs during scanning can improve startup time and JSP compilation time.
13-Jul-2025 15:22:11.042 INFO [http-nio-8080-exec-68] org.apache.catalina.startup.HostConfig.deployDescriptor Deployment of deployment descriptor [D:\CODE\StudentManagementPortal\apache-tomcat-11.0.9\conf\Catalina\localhost\StudentManagementWebAppPortal.xml] has finished in [293] ms
13-Jul-2025 15:22:11.044 INFO [http-nio-8080-exec-56] org.apache.catalina.util.LifecycleBase.start The start() method was called on component [StandardEngine[Catalina].StandardHost[localhost].StandardContext[/StudentManagementWebAppPortal]] after start() had already been called. The second call will be ignored.
13-Jul-2025 15:33:05.074 INFO [http-nio-8080-exec-78] org.apache.catalina.startup.HostConfig.undeploy Undeploying context [/StudentManagementWebAppPortal]
13-Jul-2025 15:33:22.372 INFO [http-nio-8080-exec-77] org.apache.catalina.startup.HostConfig.deployDescriptor Deploying deployment descriptor [D:\CODE\StudentManagementPortal\apache-tomcat-11.0.9\conf\Catalina\localhost\StudentManagementWebAppPortal.xml]
13-Jul-2025 15:33:22.373 WARNING [http-nio-8080-exec-77] org.apache.catalina.startup.HostConfig.deployDescriptor The path attribute with value [/StudentManagementWebAppPortal] in deployment descriptor [D:\CODE\StudentManagementPortal\apache-tomcat-11.0.9\conf\Catalina\localhost\StudentManagementWebAppPortal.xml] has been ignored
13-Jul-2025 15:33:22.661 INFO [http-nio-8080-exec-77] org.apache.jasper.servlet.TldScanner.scanJars At least one JAR was scanned for TLDs yet contained no TLDs. Enable debug logging for this logger for a complete list of JARs that were scanned but no TLDs were found in them. Skipping unneeded JARs during scanning can improve startup time and JSP compilation time.
13-Jul-2025 15:33:22.664 INFO [http-nio-8080-exec-77] org.apache.catalina.startup.HostConfig.deployDescriptor Deployment of deployment descriptor [D:\CODE\StudentManagementPortal\apache-tomcat-11.0.9\conf\Catalina\localhost\StudentManagementWebAppPortal.xml] has finished in [292] ms
13-Jul-2025 15:33:22.666 INFO [http-nio-8080-exec-72] org.apache.catalina.util.LifecycleBase.start The start() method was called on component [StandardEngine[Catalina].StandardHost[localhost].StandardContext[/StudentManagementWebAppPortal]] after start() had already been called. The second call will be ignored.
13-Jul-2025 15:38:47.468 INFO [http-nio-8080-exec-87] org.apache.catalina.startup.HostConfig.undeploy Undeploying context [/StudentManagementWebAppPortal]
13-Jul-2025 15:41:22.814 INFO [http-nio-8080-exec-92] org.apache.jasper.servlet.TldScanner.scanJars At least one JAR was scanned for TLDs yet contained no TLDs. Enable debug logging for this logger for a complete list of JARs that were scanned but no TLDs were found in them. Skipping unneeded JARs during scanning can improve startup time and JSP compilation time.
13-Jul-2025 15:41:28.008 INFO [Catalina-utility-1] org.apache.catalina.startup.HostConfig.reload Reloading context [/StudentManagementWebApp]
13-Jul-2025 15:41:28.009 INFO [Catalina-utility-1] org.apache.catalina.core.StandardContext.reload Reloading Context with name [/StudentManagementWebApp] has started
13-Jul-2025 15:41:28.364 INFO [Catalina-utility-1] org.apache.jasper.servlet.TldScanner.scanJars At least one JAR was scanned for TLDs yet contained no TLDs. Enable debug logging for this logger for a complete list of JARs that were scanned but no TLDs were found in them. Skipping unneeded JARs during scanning can improve startup time and JSP compilation time.
13-Jul-2025 15:41:28.366 INFO [Catalina-utility-1] org.apache.catalina.core.StandardContext.reload Reloading Context with name [/StudentManagementWebApp] is completed
13-Jul-2025 15:41:45.815 INFO [http-nio-8080-exec-83] org.apache.jasper.servlet.TldScanner.scanJars At least one JAR was scanned for TLDs yet contained no TLDs. Enable debug logging for this logger for a complete list of JARs that were scanned but no TLDs were found in them. Skipping unneeded JARs during scanning can improve startup time and JSP compilation time.
13-Jul-2025 15:41:48.397 INFO [Catalina-utility-1] org.apache.catalina.startup.HostConfig.reload Reloading context [/StudentManagementWebApp]
13-Jul-2025 15:41:48.397 INFO [Catalina-utility-1] org.apache.catalina.core.StandardContext.reload Reloading Context with name [/StudentManagementWebApp] has started
13-Jul-2025 15:41:48.760 INFO [Catalina-utility-1] org.apache.jasper.servlet.TldScanner.scanJars At least one JAR was scanned for TLDs yet contained no TLDs. Enable debug logging for this logger for a complete list of JARs that were scanned but no TLDs were found in them. Skipping unneeded JARs during scanning can improve startup time and JSP compilation time.
13-Jul-2025 15:41:48.761 INFO [Catalina-utility-1] org.apache.catalina.core.StandardContext.reload Reloading Context with name [/StudentManagementWebApp] is completed
13-Jul-2025 15:49:24.642 INFO [http-nio-8080-exec-96] org.apache.jasper.servlet.TldScanner.scanJars At least one JAR was scanned for TLDs yet contained no TLDs. Enable debug logging for this logger for a complete list of JARs that were scanned but no TLDs were found in them. Skipping unneeded JARs during scanning can improve startup time and JSP compilation time.
13-Jul-2025 15:49:26.725 INFO [main] org.apache.catalina.core.StandardServer.await A valid shutdown command was received via the shutdown port. Stopping the Server instance.
13-Jul-2025 15:49:26.725 INFO [main] org.apache.coyote.AbstractProtocol.pause Pausing ProtocolHandler ["http-nio-8080"]
13-Jul-2025 15:49:26.733 INFO [main] org.apache.catalina.core.StandardService.stopInternal Stopping service [Catalina]
13-Jul-2025 15:49:26.744 INFO [main] org.apache.coyote.AbstractProtocol.stop Stopping ProtocolHandler ["http-nio-8080"]
13-Jul-2025 15:49:26.771 INFO [main] org.apache.coyote.AbstractProtocol.destroy Destroying ProtocolHandler ["http-nio-8080"]
13-Jul-2025 15:51:06.565 INFO [main] org.apache.catalina.startup.VersionLoggerListener.log Server version name:   Apache Tomcat/11.0.9
13-Jul-2025 15:51:06.568 INFO [main] org.apache.catalina.startup.VersionLoggerListener.log Server built:          Jul 1 2025 20:39:04 UTC
13-Jul-2025 15:51:06.568 INFO [main] org.apache.catalina.startup.VersionLoggerListener.log Server version number: 11.0.9.0
13-Jul-2025 15:51:06.568 INFO [main] org.apache.catalina.startup.VersionLoggerListener.log OS Name:               Windows 11
13-Jul-2025 15:51:06.568 INFO [main] org.apache.catalina.startup.VersionLoggerListener.log OS Version:            10.0
13-Jul-2025 15:51:06.569 INFO [main] org.apache.catalina.startup.VersionLoggerListener.log Architecture:          amd64
13-Jul-2025 15:51:06.569 INFO [main] org.apache.catalina.startup.VersionLoggerListener.log Java Home:             C:\Program Files\Java\jdk-21
13-Jul-2025 15:51:06.569 INFO [main] org.apache.catalina.startup.VersionLoggerListener.log JVM Version:           21.0.7+8-LTS-245
13-Jul-2025 15:51:06.569 INFO [main] org.apache.catalina.startup.VersionLoggerListener.log JVM Vendor:            Oracle Corporation
13-Jul-2025 15:51:06.569 INFO [main] org.apache.catalina.startup.VersionLoggerListener.log CATALINA_BASE:         D:\CODE\StudentManagementPortal\apache-tomcat-11.0.9
13-Jul-2025 15:51:06.569 INFO [main] org.apache.catalina.startup.VersionLoggerListener.log CATALINA_HOME:         D:\CODE\StudentManagementPortal\apache-tomcat-11.0.9
13-Jul-2025 15:51:06.578 INFO [main] org.apache.catalina.startup.VersionLoggerListener.log Command line argument: -Djava.util.logging.config.file=D:\CODE\StudentManagementPortal\apache-tomcat-11.0.9\conf\logging.properties
13-Jul-2025 15:51:06.578 INFO [main] org.apache.catalina.startup.VersionLoggerListener.log Command line argument: -Djava.util.logging.manager=org.apache.juli.ClassLoaderLogManager
13-Jul-2025 15:51:06.578 INFO [main] org.apache.catalina.startup.VersionLoggerListener.log Command line argument: -Djdk.tls.ephemeralDHKeySize=2048
13-Jul-2025 15:51:06.578 INFO [main] org.apache.catalina.startup.VersionLoggerListener.log Command line argument: --add-opens=java.base/java.lang=ALL-UNNAMED
13-Jul-2025 15:51:06.578 INFO [main] org.apache.catalina.startup.VersionLoggerListener.log Command line argument: --add-opens=java.base/java.lang.reflect=ALL-UNNAMED
13-Jul-2025 15:51:06.578 INFO [main] org.apache.catalina.startup.VersionLoggerListener.log Command line argument: --add-opens=java.base/java.io=ALL-UNNAMED
13-Jul-2025 15:51:06.579 INFO [main] org.apache.catalina.startup.VersionLoggerListener.log Command line argument: --add-opens=java.base/java.util=ALL-UNNAMED
13-Jul-2025 15:51:06.579 INFO [main] org.apache.catalina.startup.VersionLoggerListener.log Command line argument: --add-opens=java.base/java.util.concurrent=ALL-UNNAMED
13-Jul-2025 15:51:06.579 INFO [main] org.apache.catalina.startup.VersionLoggerListener.log Command line argument: --add-opens=java.rmi/sun.rmi.transport=ALL-UNNAMED
13-Jul-2025 15:51:06.579 INFO [main] org.apache.catalina.startup.VersionLoggerListener.log Command line argument: --enable-native-access=ALL-UNNAMED
13-Jul-2025 15:51:06.579 INFO [main] org.apache.catalina.startup.VersionLoggerListener.log Command line argument: -Dcatalina.base=D:\CODE\StudentManagementPortal\apache-tomcat-11.0.9
13-Jul-2025 15:51:06.579 INFO [main] org.apache.catalina.startup.VersionLoggerListener.log Command line argument: -Dcatalina.home=D:\CODE\StudentManagementPortal\apache-tomcat-11.0.9
13-Jul-2025 15:51:06.579 INFO [main] org.apache.catalina.startup.VersionLoggerListener.log Command line argument: -Djava.io.tmpdir=D:\CODE\StudentManagementPortal\apache-tomcat-11.0.9\temp
13-Jul-2025 15:51:06.582 INFO [main] org.apache.catalina.core.AprLifecycleListener.lifecycleEvent Loaded Apache Tomcat Native library [2.0.9] using APR version [1.7.6].
13-Jul-2025 15:51:06.585 INFO [main] org.apache.catalina.core.AprLifecycleListener.initializeSSL OpenSSL successfully initialized [OpenSSL 3.5.0 8 Apr 2025]
13-Jul-2025 15:51:06.793 INFO [main] org.apache.coyote.AbstractProtocol.init Initializing ProtocolHandler ["http-nio-8080"]
13-Jul-2025 15:51:06.810 INFO [main] org.apache.catalina.startup.Catalina.load Server initialization in [379] milliseconds
13-Jul-2025 15:51:06.845 INFO [main] org.apache.catalina.core.StandardService.startInternal Starting service [Catalina]
13-Jul-2025 15:51:06.845 INFO [main] org.apache.catalina.core.StandardEngine.startInternal Starting Servlet engine: [Apache Tomcat/11.0.9]
13-Jul-2025 15:51:06.851 INFO [main] org.apache.catalina.startup.HostConfig.deployDescriptor Deploying deployment descriptor [D:\CODE\StudentManagementPortal\apache-tomcat-11.0.9\conf\Catalina\localhost\StudentManagementWebApp.xml]
13-Jul-2025 15:51:06.863 WARNING [main] org.apache.catalina.startup.HostConfig.deployDescriptor The path attribute with value [/StudentManagementWebApp] in deployment descriptor [D:\CODE\StudentManagementPortal\apache-tomcat-11.0.9\conf\Catalina\localhost\StudentManagementWebApp.xml] has been ignored
13-Jul-2025 15:51:07.492 INFO [main] org.apache.jasper.servlet.TldScanner.scanJars At least one JAR was scanned for TLDs yet contained no TLDs. Enable debug logging for this logger for a complete list of JARs that were scanned but no TLDs were found in them. Skipping unneeded JARs during scanning can improve startup time and JSP compilation time.
13-Jul-2025 15:51:07.529 INFO [main] org.apache.catalina.startup.HostConfig.deployDescriptor Deployment of deployment descriptor [D:\CODE\StudentManagementPortal\apache-tomcat-11.0.9\conf\Catalina\localhost\StudentManagementWebApp.xml] has finished in [677] ms
13-Jul-2025 15:51:07.529 INFO [main] org.apache.catalina.startup.HostConfig.deployDirectory Deploying web application directory [D:\CODE\StudentManagementPortal\apache-tomcat-11.0.9\webapps\docs]
13-Jul-2025 15:51:07.557 INFO [main] org.apache.catalina.startup.HostConfig.deployDirectory Deployment of web application directory [D:\CODE\StudentManagementPortal\apache-tomcat-11.0.9\webapps\docs] has finished in [28] ms
13-Jul-2025 15:51:07.558 INFO [main] org.apache.catalina.startup.HostConfig.deployDirectory Deploying web application directory [D:\CODE\StudentManagementPortal\apache-tomcat-11.0.9\webapps\examples]
13-Jul-2025 15:51:07.899 INFO [main] org.apache.catalina.startup.HostConfig.deployDirectory Deployment of web application directory [D:\CODE\StudentManagementPortal\apache-tomcat-11.0.9\webapps\examples] has finished in [341] ms
13-Jul-2025 15:51:07.899 INFO [main] org.apache.catalina.startup.HostConfig.deployDirectory Deploying web application directory [D:\CODE\StudentManagementPortal\apache-tomcat-11.0.9\webapps\host-manager]
13-Jul-2025 15:51:07.929 INFO [main] org.apache.catalina.startup.HostConfig.deployDirectory Deployment of web application directory [D:\CODE\StudentManagementPortal\apache-tomcat-11.0.9\webapps\host-manager] has finished in [29] ms
13-Jul-2025 15:51:07.929 INFO [main] org.apache.catalina.startup.HostConfig.deployDirectory Deploying web application directory [D:\CODE\StudentManagementPortal\apache-tomcat-11.0.9\webapps\manager]
13-Jul-2025 15:51:07.956 INFO [main] org.apache.catalina.startup.HostConfig.deployDirectory Deployment of web application directory [D:\CODE\StudentManagementPortal\apache-tomcat-11.0.9\webapps\manager] has finished in [26] ms
13-Jul-2025 15:51:07.956 INFO [main] org.apache.catalina.startup.HostConfig.deployDirectory Deploying web application directory [D:\CODE\StudentManagementPortal\apache-tomcat-11.0.9\webapps\ROOT]
13-Jul-2025 15:51:07.976 INFO [main] org.apache.catalina.startup.HostConfig.deployDirectory Deployment of web application directory [D:\CODE\StudentManagementPortal\apache-tomcat-11.0.9\webapps\ROOT] has finished in [20] ms
13-Jul-2025 15:51:07.980 INFO [main] org.apache.coyote.AbstractProtocol.start Starting ProtocolHandler ["http-nio-8080"]
13-Jul-2025 15:51:07.998 INFO [main] org.apache.catalina.startup.Catalina.start Server startup in [1187] milliseconds
13-Jul-2025 15:51:10.858 INFO [http-nio-8080-exec-9] org.apache.catalina.startup.HostConfig.deployDescriptor Deploying deployment descriptor [D:\CODE\StudentManagementPortal\apache-tomcat-11.0.9\conf\Catalina\localhost\StudentManagementWebAppPortal.xml]
13-Jul-2025 15:51:10.859 WARNING [http-nio-8080-exec-9] org.apache.catalina.startup.HostConfig.deployDescriptor The path attribute with value [/StudentManagementWebAppPortal] in deployment descriptor [D:\CODE\StudentManagementPortal\apache-tomcat-11.0.9\conf\Catalina\localhost\StudentManagementWebAppPortal.xml] has been ignored
13-Jul-2025 15:51:11.184 INFO [http-nio-8080-exec-9] org.apache.jasper.servlet.TldScanner.scanJars At least one JAR was scanned for TLDs yet contained no TLDs. Enable debug logging for this logger for a complete list of JARs that were scanned but no TLDs were found in them. Skipping unneeded JARs during scanning can improve startup time and JSP compilation time.
13-Jul-2025 15:51:11.188 INFO [http-nio-8080-exec-9] org.apache.catalina.startup.HostConfig.deployDescriptor Deployment of deployment descriptor [D:\CODE\StudentManagementPortal\apache-tomcat-11.0.9\conf\Catalina\localhost\StudentManagementWebAppPortal.xml] has finished in [332] ms
13-Jul-2025 15:51:11.192 INFO [http-nio-8080-exec-10] org.apache.catalina.util.LifecycleBase.start The start() method was called on component [StandardEngine[Catalina].StandardHost[localhost].StandardContext[/StudentManagementWebAppPortal]] after start() had already been called. The second call will be ignored.
13-Jul-2025 15:52:48.587 INFO [Catalina-utility-2] org.apache.catalina.startup.HostConfig.undeploy Undeploying context [/StudentManagementWebApp]
13-Jul-2025 15:52:48.601 INFO [Catalina-utility-2] org.apache.catalina.startup.HostConfig.deployDescriptor Deploying deployment descriptor [D:\CODE\StudentManagementPortal\apache-tomcat-11.0.9\conf\Catalina\localhost\StudentManagementWebApp.xml]
13-Jul-2025 15:52:48.601 WARNING [Catalina-utility-2] org.apache.catalina.startup.HostConfig.deployDescriptor The path attribute with value [/StudentManagementWebApp] in deployment descriptor [D:\CODE\StudentManagementPortal\apache-tomcat-11.0.9\conf\Catalina\localhost\StudentManagementWebApp.xml] has been ignored
13-Jul-2025 15:52:48.605 SEVERE [Catalina-utility-2] org.apache.catalina.startup.HostConfig.deployDescriptor Error deploying deployment descriptor [D:\CODE\StudentManagementPortal\apache-tomcat-11.0.9\conf\Catalina\localhost\StudentManagementWebApp.xml]
	java.lang.IllegalStateException: Error starting child
		at org.apache.catalina.core.ContainerBase.addChild(ContainerBase.java:569)
		at org.apache.catalina.core.StandardHost.addChild(StandardHost.java:652)
		at org.apache.catalina.startup.HostConfig.deployDescriptor(HostConfig.java:593)
		at org.apache.catalina.startup.HostConfig$DeployDescriptor.run(HostConfig.java:1831)
		at java.base/java.util.concurrent.Executors$RunnableAdapter.call(Executors.java:572)
		at java.base/java.util.concurrent.FutureTask.run(FutureTask.java:317)
		at org.apache.tomcat.util.threads.InlineExecutorService.execute(InlineExecutorService.java:75)
		at java.base/java.util.concurrent.AbstractExecutorService.submit(AbstractExecutorService.java:123)
		at org.apache.catalina.startup.HostConfig.deployDescriptors(HostConfig.java:488)
		at org.apache.catalina.startup.HostConfig.deployApps(HostConfig.java:379)
		at org.apache.catalina.startup.HostConfig.check(HostConfig.java:1631)
		at org.apache.catalina.startup.HostConfig.lifecycleEvent(HostConfig.java:263)
		at org.apache.catalina.util.LifecycleBase.fireLifecycleEvent(LifecycleBase.java:109)
		at org.apache.catalina.core.ContainerBase.backgroundProcess(ContainerBase.java:940)
		at org.apache.catalina.core.ContainerBase$ContainerBackgroundProcessor.processChildren(ContainerBase.java:1139)
		at org.apache.catalina.core.ContainerBase$ContainerBackgroundProcessor.processChildren(ContainerBase.java:1143)
		at org.apache.catalina.core.ContainerBase$ContainerBackgroundProcessor.run(ContainerBase.java:1121)
		at java.base/java.util.concurrent.Executors$RunnableAdapter.call(Executors.java:572)
		at java.base/java.util.concurrent.FutureTask.runAndReset(FutureTask.java:358)
		at java.base/java.util.concurrent.ScheduledThreadPoolExecutor$ScheduledFutureTask.run(ScheduledThreadPoolExecutor.java:305)
		at java.base/java.util.concurrent.ThreadPoolExecutor.runWorker(ThreadPoolExecutor.java:1144)
		at java.base/java.util.concurrent.ThreadPoolExecutor$Worker.run(ThreadPoolExecutor.java:642)
		at org.apache.tomcat.util.threads.TaskThread$WrappingRunnable.run(TaskThread.java:59)
		at java.base/java.lang.Thread.run(Thread.java:1583)
	Caused by: org.apache.catalina.LifecycleException: Failed to start component [org.apache.catalina.webresources.StandardRoot@3040732f]
		at org.apache.catalina.util.LifecycleBase.handleSubClassException(LifecycleBase.java:406)
		at org.apache.catalina.util.LifecycleBase.start(LifecycleBase.java:179)
		at org.apache.catalina.core.StandardContext.resourcesStart(StandardContext.java:4127)
		at org.apache.catalina.core.StandardContext.startInternal(StandardContext.java:4249)
		at org.apache.catalina.util.LifecycleBase.start(LifecycleBase.java:164)
		at org.apache.catalina.core.ContainerBase.addChild(ContainerBase.java:566)
		... 23 more
	Caused by: java.lang.IllegalArgumentException: The main resource set specified [D:\CODE\StudentManagementPortal\Documents\NetBeansProjects\StudentManagementWebApp\build\web] is not a directory or war file, or is not readable (it does not exist or permissions to access it are missing)
		at org.apache.catalina.webresources.StandardRoot.createMainResourceSet(StandardRoot.java:749)
		at org.apache.catalina.webresources.StandardRoot.startInternal(StandardRoot.java:706)
		at org.apache.catalina.util.LifecycleBase.start(LifecycleBase.java:164)
		... 27 more
13-Jul-2025 15:52:48.697 INFO [Catalina-utility-2] org.apache.catalina.startup.HostConfig.deployDescriptor Deployment of deployment descriptor [D:\CODE\StudentManagementPortal\apache-tomcat-11.0.9\conf\Catalina\localhost\StudentManagementWebApp.xml] has finished in [96] ms
13-Jul-2025 15:54:17.500 INFO [http-nio-8080-exec-3] org.apache.jasper.servlet.TldScanner.scanJars At least one JAR was scanned for TLDs yet contained no TLDs. Enable debug logging for this logger for a complete list of JARs that were scanned but no TLDs were found in them. Skipping unneeded JARs during scanning can improve startup time and JSP compilation time.
13-Jul-2025 15:54:18.817 INFO [Catalina-utility-1] org.apache.catalina.startup.HostConfig.reload Reloading context [/StudentManagementWebAppPortal]
13-Jul-2025 15:54:18.818 INFO [Catalina-utility-1] org.apache.catalina.core.StandardContext.reload Reloading Context with name [/StudentManagementWebAppPortal] has started
13-Jul-2025 15:54:19.122 INFO [Catalina-utility-1] org.apache.jasper.servlet.TldScanner.scanJars At least one JAR was scanned for TLDs yet contained no TLDs. Enable debug logging for this logger for a complete list of JARs that were scanned but no TLDs were found in them. Skipping unneeded JARs during scanning can improve startup time and JSP compilation time.
13-Jul-2025 15:54:19.123 INFO [Catalina-utility-1] org.apache.catalina.core.StandardContext.reload Reloading Context with name [/StudentManagementWebAppPortal] is completed
13-Jul-2025 15:54:24.153 INFO [http-nio-8080-exec-17] org.apache.catalina.startup.HostConfig.undeploy Undeploying context [/StudentManagementWebAppPortal]
13-Jul-2025 15:54:29.751 INFO [http-nio-8080-exec-15] org.apache.catalina.startup.HostConfig.deployDescriptor Deploying deployment descriptor [D:\CODE\StudentManagementPortal\apache-tomcat-11.0.9\conf\Catalina\localhost\StudentManagementWebAppPortal.xml]
13-Jul-2025 15:54:29.753 WARNING [http-nio-8080-exec-15] org.apache.catalina.startup.HostConfig.deployDescriptor The path attribute with value [/StudentManagementWebAppPortal] in deployment descriptor [D:\CODE\StudentManagementPortal\apache-tomcat-11.0.9\conf\Catalina\localhost\StudentManagementWebAppPortal.xml] has been ignored
13-Jul-2025 15:54:30.059 INFO [http-nio-8080-exec-15] org.apache.jasper.servlet.TldScanner.scanJars At least one JAR was scanned for TLDs yet contained no TLDs. Enable debug logging for this logger for a complete list of JARs that were scanned but no TLDs were found in them. Skipping unneeded JARs during scanning can improve startup time and JSP compilation time.
13-Jul-2025 15:54:30.062 INFO [http-nio-8080-exec-15] org.apache.catalina.startup.HostConfig.deployDescriptor Deployment of deployment descriptor [D:\CODE\StudentManagementPortal\apache-tomcat-11.0.9\conf\Catalina\localhost\StudentManagementWebAppPortal.xml] has finished in [311] ms
13-Jul-2025 15:54:30.066 INFO [http-nio-8080-exec-10] org.apache.catalina.util.LifecycleBase.start The start() method was called on component [StandardEngine[Catalina].StandardHost[localhost].StandardContext[/StudentManagementWebAppPortal]] after start() had already been called. The second call will be ignored.
13-Jul-2025 15:56:47.326 INFO [http-nio-8080-exec-21] org.apache.catalina.core.StandardContext.reload Reloading Context with name [/StudentManagementWebAppPortal] has started
13-Jul-2025 15:56:47.732 INFO [http-nio-8080-exec-21] org.apache.jasper.servlet.TldScanner.scanJars At least one JAR was scanned for TLDs yet contained no TLDs. Enable debug logging for this logger for a complete list of JARs that were scanned but no TLDs were found in them. Skipping unneeded JARs during scanning can improve startup time and JSP compilation time.
13-Jul-2025 15:56:47.734 INFO [http-nio-8080-exec-21] org.apache.catalina.core.StandardContext.reload Reloading Context with name [/StudentManagementWebAppPortal] is completed
13-Jul-2025 15:57:46.744 INFO [http-nio-8080-exec-24] org.apache.catalina.core.StandardContext.reload Reloading Context with name [/StudentManagementWebAppPortal] has started
13-Jul-2025 15:57:47.139 INFO [http-nio-8080-exec-24] org.apache.jasper.servlet.TldScanner.scanJars At least one JAR was scanned for TLDs yet contained no TLDs. Enable debug logging for this logger for a complete list of JARs that were scanned but no TLDs were found in them. Skipping unneeded JARs during scanning can improve startup time and JSP compilation time.
13-Jul-2025 15:57:47.140 INFO [http-nio-8080-exec-24] org.apache.catalina.core.StandardContext.reload Reloading Context with name [/StudentManagementWebAppPortal] is completed
13-Jul-2025 15:58:10.397 INFO [http-nio-8080-exec-22] org.apache.catalina.startup.HostConfig.undeploy Undeploying context [/StudentManagementWebAppPortal]
13-Jul-2025 15:58:12.538 INFO [http-nio-8080-exec-20] org.apache.catalina.startup.HostConfig.deployDescriptor Deploying deployment descriptor [D:\CODE\StudentManagementPortal\apache-tomcat-11.0.9\conf\Catalina\localhost\StudentManagementWebAppPortal.xml]
13-Jul-2025 15:58:12.539 WARNING [http-nio-8080-exec-20] org.apache.catalina.startup.HostConfig.deployDescriptor The path attribute with value [/StudentManagementWebAppPortal] in deployment descriptor [D:\CODE\StudentManagementPortal\apache-tomcat-11.0.9\conf\Catalina\localhost\StudentManagementWebAppPortal.xml] has been ignored
13-Jul-2025 15:58:12.965 INFO [http-nio-8080-exec-20] org.apache.jasper.servlet.TldScanner.scanJars At least one JAR was scanned for TLDs yet contained no TLDs. Enable debug logging for this logger for a complete list of JARs that were scanned but no TLDs were found in them. Skipping unneeded JARs during scanning can improve startup time and JSP compilation time.
13-Jul-2025 15:58:12.967 INFO [http-nio-8080-exec-20] org.apache.catalina.startup.HostConfig.deployDescriptor Deployment of deployment descriptor [D:\CODE\StudentManagementPortal\apache-tomcat-11.0.9\conf\Catalina\localhost\StudentManagementWebAppPortal.xml] has finished in [429] ms
13-Jul-2025 15:58:12.969 INFO [http-nio-8080-exec-23] org.apache.catalina.util.LifecycleBase.start The start() method was called on component [StandardEngine[Catalina].StandardHost[localhost].StandardContext[/StudentManagementWebAppPortal]] after start() had already been called. The second call will be ignored.
13-Jul-2025 15:59:55.068 INFO [http-nio-8080-exec-32] org.apache.catalina.core.StandardContext.reload Reloading Context with name [/StudentManagementWebAppPortal] has started
13-Jul-2025 15:59:55.071 WARNING [http-nio-8080-exec-32] org.apache.catalina.loader.WebappClassLoaderBase.clearReferencesJdbc The web application [StudentManagementWebAppPortal] registered the JDBC driver [org.postgresql.Driver] but failed to unregister it when the web application was stopped. To prevent a memory leak, the JDBC Driver has been forcibly unregistered.
13-Jul-2025 15:59:55.471 INFO [http-nio-8080-exec-32] org.apache.jasper.servlet.TldScanner.scanJars At least one JAR was scanned for TLDs yet contained no TLDs. Enable debug logging for this logger for a complete list of JARs that were scanned but no TLDs were found in them. Skipping unneeded JARs during scanning can improve startup time and JSP compilation time.
13-Jul-2025 15:59:55.474 INFO [http-nio-8080-exec-32] org.apache.catalina.core.StandardContext.reload Reloading Context with name [/StudentManagementWebAppPortal] is completed
13-Jul-2025 16:01:03.458 INFO [http-nio-8080-exec-36] org.apache.catalina.core.StandardContext.reload Reloading Context with name [/StudentManagementWebAppPortal] has started
13-Jul-2025 16:01:03.460 WARNING [http-nio-8080-exec-36] org.apache.catalina.loader.WebappClassLoaderBase.clearReferencesJdbc The web application [StudentManagementWebAppPortal] registered the JDBC driver [org.postgresql.Driver] but failed to unregister it when the web application was stopped. To prevent a memory leak, the JDBC Driver has been forcibly unregistered.
13-Jul-2025 16:01:03.839 INFO [http-nio-8080-exec-36] org.apache.jasper.servlet.TldScanner.scanJars At least one JAR was scanned for TLDs yet contained no TLDs. Enable debug logging for this logger for a complete list of JARs that were scanned but no TLDs were found in them. Skipping unneeded JARs during scanning can improve startup time and JSP compilation time.
13-Jul-2025 16:01:03.839 INFO [http-nio-8080-exec-36] org.apache.catalina.core.StandardContext.reload Reloading Context with name [/StudentManagementWebAppPortal] is completed
13-Jul-2025 16:01:06.551 INFO [http-nio-8080-exec-22] org.apache.catalina.core.StandardContext.reload Reloading Context with name [/StudentManagementWebAppPortal] has started
13-Jul-2025 16:01:06.940 INFO [http-nio-8080-exec-22] org.apache.jasper.servlet.TldScanner.scanJars At least one JAR was scanned for TLDs yet contained no TLDs. Enable debug logging for this logger for a complete list of JARs that were scanned but no TLDs were found in them. Skipping unneeded JARs during scanning can improve startup time and JSP compilation time.
13-Jul-2025 16:01:06.942 INFO [http-nio-8080-exec-22] org.apache.catalina.core.StandardContext.reload Reloading Context with name [/StudentManagementWebAppPortal] is completed
